0 info it worked if it ends with ok
1 verbose cli [ 'C:\\Program Files\\nodejs\\node.exe',
1 verbose cli   'C:\\Program Files\\nodejs\\node_modules\\npm\\bin\\npm-cli.js',
1 verbose cli   'start' ]
2 info using npm@3.10.8
3 info using node@v6.9.1
4 verbose run-script [ 'prestart', 'start', 'poststart' ]
5 info lifecycle Angular2-Skeleton@1.0.0~prestart: Angular2-Skeleton@1.0.0
6 silly lifecycle Angular2-Skeleton@1.0.0~prestart: no script for prestart, continuing
7 info lifecycle Angular2-Skeleton@1.0.0~start: Angular2-Skeleton@1.0.0
8 verbose lifecycle Angular2-Skeleton@1.0.0~start: unsafe-perm in lifecycle true
9 verbose lifecycle Angular2-Skeleton@1.0.0~start: PATH: C:\Users\Sujanth\AppData\Roaming\nvm\v6.9.1\node_modules\npm\bin\node-gyp-bin;I:\AngularJS\Skeleton Project\node_modules\.bin;C:\Program Files\Git\mingw64\bin;C:\Program Files\Git\usr\bin;C:\Users\Sujanth\bin;C:\Program Files (x86)\Google\Chrome\Application;C:\ProgramData\Oracle\Java\javapath;C:\Program Files\Java\jdk1.8.0_45\bin;C:\apache-ant-1.9.4\bin;E:\Android\adt-bundle-windows-x86_64-20140702\tools;E:\Android\adt-bundle-windows-x86_64-20140702\platform-tools;C:\Windows\System32\wbem;C:\Program Files\Java\jdk1.8.0_45\bin;C:\Python34;C:\Python34\Scripts;C:\WINDOWS\system32;C:\WINDOWS;C:\WINDOWS\System32\Wbem;C:\WINDOWS\System32\WindowsPowerShell\v1.0;C:\Program Files (x86)\Brackets\command;C:\Program Files (x86)\Skype\Phone;C:\Program Files (x86)\GtkSharp\2.12\bin;C:\WINDOWS\system32\config\systemprofile\.dnx\bin;C:\Program Files\Microsoft DNX\Dnvm;C:\Program Files\Microsoft SQL Server\130\Tools\Binn;C:\Users\Sujanth\AppData\Roaming\nvm;C:\Program Files\nodejs;C:\Users\Sujanth\Anaconda2;C:\Users\Sujanth\Anaconda2\Scripts;C:\Users\Sujanth\Anaconda2\Library\bin;C:\Program Files\Java\jdk1.8.0_45\bin;C:\apache-ant-1.9.4\bin;E:\Android\adt-bundle-windows-x86_64-20140702\bin;C:\Python33;C:\Python33\python.exe;C:\Python33\Scripts;C:\Python33\Lib\site-packages\django\bin;C:\wamp\bin\mysql\mysql5.6.12\bin;C:\Users\Sujanth\AppData\Local\Microsoft\WindowsApps;C:\Users\Sujanth\AppData\Roaming\npm;C:\Users\Sujanth\AppData\Local\Android\sdk\platform-tools;C:\Users\Sujanth\AppData\Local\atom\bin;C:\Users\Sujanth\AppData\Roaming\nvm;C:\Program Files\nodejs
10 verbose lifecycle Angular2-Skeleton@1.0.0~start: CWD: I:\AngularJS\Skeleton Project
11 silly lifecycle Angular2-Skeleton@1.0.0~start: Args: [ '/d /s /c', 'tsc && concurrently "tsc -w" "lite-server" ' ]
12 verbose stack Error: kill ENOSYS
12 verbose stack     at exports._errnoException (util.js:1026:11)
12 verbose stack     at process.kill (internal/process.js:172:13)
12 verbose stack     at process.listener (C:\Users\Sujanth\AppData\Roaming\nvm\v6.9.1\node_modules\npm\node_modules\npmlog\node_modules\gauge\node_modules\signal-exit\index.js:86:15)
12 verbose stack     at emitNone (events.js:91:20)
12 verbose stack     at process.emit (events.js:185:7)
12 verbose stack     at processEmit (C:\Users\Sujanth\AppData\Roaming\nvm\v6.9.1\node_modules\npm\node_modules\npmlog\node_modules\gauge\node_modules\signal-exit\index.js:146:32)
12 verbose stack     at processEmit (C:\Users\Sujanth\AppData\Roaming\nvm\v6.9.1\node_modules\npm\node_modules\npm-registry-client\node_modules\npmlog\node_modules\gauge\node_modules\signal-exit\index.js:146:32)
12 verbose stack     at Signal.wrap.onsignal (internal/process.js:199:44)
13 verbose cwd I:\AngularJS\Skeleton Project
14 error Windows_NT 10.0.14393
15 error argv "C:\\Program Files\\nodejs\\node.exe" "C:\\Program Files\\nodejs\\node_modules\\npm\\bin\\npm-cli.js" "start"
16 error node v6.9.1
17 error npm  v3.10.8
18 error code ENOSYS
19 error errno ENOSYS
20 error syscall kill
21 error kill ENOSYS
22 error If you need help, you may report this error at:
22 error     <https://github.com/npm/npm/issues>
23 verbose exit [ 1, true ]
